<?xml version="1.0" encoding="UTF-8"?>
<testng-results skipped="0" failed="1" ignored="0" total="3" passed="2">
  <reporter-output>
  </reporter-output>
  <suite name="Default suite" duration-ms="60583" started-at="2018-01-30T09:16:00Z" finished-at="2018-01-30T09:17:01Z">
    <groups>
    </groups>
    <test name="Default test" duration-ms="60583" started-at="2018-01-30T09:16:00Z" finished-at="2018-01-30T09:17:01Z">
      <class name="com.crm.testcases.LoginPageTest">
        <test-method status="PASS" signature="setUP()[pri:0, instance:com.crm.testcases.LoginPageTest@685cb137]" name="setUP" is-config="true" duration-ms="340" started-at="2018-01-30T14:46:00Z" finished-at="2018-01-30T14:46:00Z">
          <reporter-output>
          </reporter-output>
        </test-method> <!-- setUP -->
        <test-method status="PASS" signature="setup(java.lang.reflect.Method)[pri:0, instance:com.crm.testcases.LoginPageTest@685cb137]" name="setup" is-config="true" duration-ms="14942" started-at="2018-01-30T14:46:00Z" finished-at="2018-01-30T14:46:15Z">
          <params>
            <param index="0">
              <value>
                <![CDATA[public void com.crm.testcases.LoginPageTest.loginPageTitleTest()]]>
              </value>
            </param>
          </params>
          <reporter-output>
          </reporter-output>
        </test-method> <!-- setup -->
        <test-method status="PASS" signature="loginPageTitleTest()[pri:1, instance:com.crm.testcases.LoginPageTest@685cb137]" name="loginPageTitleTest" duration-ms="27" started-at="2018-01-30T14:46:15Z" finished-at="2018-01-30T14:46:15Z">
          <reporter-output>
          </reporter-output>
        </test-method> <!-- loginPageTitleTest -->
        <test-method status="PASS" signature="tearDown(org.testng.ITestResult)[pri:0, instance:com.crm.testcases.LoginPageTest@685cb137]" name="tearDown" is-config="true" duration-ms="2133" started-at="2018-01-30T14:46:15Z" finished-at="2018-01-30T14:46:18Z">
          <params>
            <param index="0">
              <value>
                <![CDATA[[TestResult name=loginPageTitleTest status=SUCCESS method=LoginPageTest.loginPageTitleTest()[pri:1, instance:com.crm.testcases.LoginPageTest@685cb137] output={null}]]]>
              </value>
            </param>
          </params>
          <reporter-output>
          </reporter-output>
        </test-method> <!-- tearDown -->
        <test-method status="PASS" signature="setup(java.lang.reflect.Method)[pri:0, instance:com.crm.testcases.LoginPageTest@685cb137]" name="setup" is-config="true" duration-ms="13834" started-at="2018-01-30T14:46:18Z" finished-at="2018-01-30T14:46:31Z">
          <params>
            <param index="0">
              <value>
                <![CDATA[public void com.crm.testcases.LoginPageTest.loginPageLogoTest()]]>
              </value>
            </param>
          </params>
          <reporter-output>
          </reporter-output>
        </test-method> <!-- setup -->
        <test-method status="FAIL" signature="loginPageLogoTest()[pri:2, instance:com.crm.testcases.LoginPageTest@685cb137]" name="loginPageLogoTest" duration-ms="63" started-at="2018-01-30T14:46:31Z" finished-at="2018-01-30T14:46:31Z">
          <exception class="java.lang.AssertionError">
            <message>
              <![CDATA[expected [true] but found [false]]]>
            </message>
            <full-stacktrace>
              <![CDATA[java.lang.AssertionError: expected [true] but found [false]at org.testng.Assert.fail(Assert.java:96)at org.testng.Assert.failNotEquals(Assert.java:776)at org.testng.Assert.assertTrue(Assert.java:44)at org.testng.Assert.assertTrue(Assert.java:54)at com.crm.testcases.LoginPageTest.loginPageLogoTest(LoginPageTest.java:62)at sun.reflect.NativeMethodAccessorImpl.invoke0(Native Method)at sun.reflect.NativeMethodAccessorImpl.invoke(Unknown Source)at sun.reflect.DelegatingMethodAccessorImpl.invoke(Unknown Source)at java.lang.reflect.Method.invoke(Unknown Source)at org.testng.internal.MethodInvocationHelper.invokeMethod(MethodInvocationHelper.java:124)at org.testng.internal.Invoker.invokeMethod(Invoker.java:571)at org.testng.internal.Invoker.invokeTestMethod(Invoker.java:707)at org.testng.internal.Invoker.invokeTestMethods(Invoker.java:979)at org.testng.internal.TestMethodWorker.invokeTestMethods(TestMethodWorker.java:125)at org.testng.internal.TestMethodWorker.run(TestMethodWorker.java:109)at org.testng.TestRunner.privateRun(TestRunner.java:648)at org.testng.TestRunner.run(TestRunner.java:505)at org.testng.SuiteRunner.runTest(SuiteRunner.java:455)at org.testng.SuiteRunner.runSequentially(SuiteRunner.java:450)at org.testng.SuiteRunner.privateRun(SuiteRunner.java:415)at org.testng.SuiteRunner.run(SuiteRunner.java:364)at org.testng.SuiteRunnerWorker.runSuite(SuiteRunnerWorker.java:52)at org.testng.SuiteRunnerWorker.run(SuiteRunnerWorker.java:84)at org.testng.TestNG.runSuitesSequentially(TestNG.java:1187)at org.testng.TestNG.runSuitesLocally(TestNG.java:1116)at org.testng.TestNG.runSuites(TestNG.java:1028)at org.testng.TestNG.run(TestNG.java:996)at org.testng.remote.AbstractRemoteTestNG.run(AbstractRemoteTestNG.java:114)at org.testng.remote.RemoteTestNG.initAndRun(RemoteTestNG.java:251)at org.testng.remote.RemoteTestNG.main(RemoteTestNG.java:77)]]>
            </full-stacktrace>
          </exception> <!-- java.lang.AssertionError -->
          <reporter-output>
          </reporter-output>
        </test-method> <!-- loginPageLogoTest -->
        <test-method status="PASS" signature="tearDown(org.testng.ITestResult)[pri:0, instance:com.crm.testcases.LoginPageTest@685cb137]" name="tearDown" is-config="true" duration-ms="2125" started-at="2018-01-30T14:46:31Z" finished-at="2018-01-30T14:46:34Z">
          <params>
            <param index="0">
              <value>
                <![CDATA[[TestResult name=loginPageLogoTest status=FAILURE method=LoginPageTest.loginPageLogoTest()[pri:2, instance:com.crm.testcases.LoginPageTest@685cb137] output={null}]]]>
              </value>
            </param>
          </params>
          <reporter-output>
          </reporter-output>
        </test-method> <!-- tearDown -->
        <test-method status="PASS" signature="setup(java.lang.reflect.Method)[pri:0, instance:com.crm.testcases.LoginPageTest@685cb137]" name="setup" is-config="true" duration-ms="13446" started-at="2018-01-30T14:46:34Z" finished-at="2018-01-30T14:46:47Z">
          <params>
            <param index="0">
              <value>
                <![CDATA[public void com.crm.testcases.LoginPageTest.loginTest() throws java.lang.InterruptedException]]>
              </value>
            </param>
          </params>
          <reporter-output>
          </reporter-output>
        </test-method> <!-- setup -->
        <test-method status="PASS" signature="loginTest()[pri:3, instance:com.crm.testcases.LoginPageTest@685cb137]" name="loginTest" duration-ms="10879" started-at="2018-01-30T14:46:47Z" finished-at="2018-01-30T14:46:58Z">
          <reporter-output>
          </reporter-output>
        </test-method> <!-- loginTest -->
        <test-method status="PASS" signature="tearDown(org.testng.ITestResult)[pri:0, instance:com.crm.testcases.LoginPageTest@685cb137]" name="tearDown" is-config="true" duration-ms="2164" started-at="2018-01-30T14:46:58Z" finished-at="2018-01-30T14:47:00Z">
          <params>
            <param index="0">
              <value>
                <![CDATA[[TestResult name=loginTest status=SUCCESS method=LoginPageTest.loginTest()[pri:3, instance:com.crm.testcases.LoginPageTest@685cb137] output={null}]]]>
              </value>
            </param>
          </params>
          <reporter-output>
          </reporter-output>
        </test-method> <!-- tearDown -->
        <test-method status="PASS" signature="cleanUp()[pri:0, instance:com.crm.testcases.LoginPageTest@685cb137]" name="cleanUp" is-config="true" duration-ms="591" started-at="2018-01-30T14:47:00Z" finished-at="2018-01-30T14:47:01Z">
          <reporter-output>
          </reporter-output>
        </test-method> <!-- cleanUp -->
      </class> <!-- com.crm.testcases.LoginPageTest -->
    </test> <!-- Default test -->
  </suite> <!-- Default suite -->
</testng-results>
